c:\users\840\downloads\glog-master\glog-master\build2\glog.dir\debug\glog.pdb
c:\users\840\downloads\glog-master\glog-master\build2\glog.dir\debug\signalhandler.obj
c:\users\840\downloads\glog-master\glog-master\build2\glog.dir\debug\vlog_is_on.obj
c:\users\840\downloads\glog-master\glog-master\build2\glog.dir\debug\utilities.obj
c:\users\840\downloads\glog-master\glog-master\build2\glog.dir\debug\symbolize.obj
c:\users\840\downloads\glog-master\glog-master\build2\glog.dir\debug\raw_logging.obj
c:\users\840\downloads\glog-master\glog-master\build2\glog.dir\debug\logging.obj
c:\users\840\downloads\glog-master\glog-master\build2\glog.dir\debug\demangle.obj
c:\users\840\downloads\glog-master\glog-master\build2\glog.dir\debug\port.obj
c:\users\840\downloads\glog-master\glog-master\build2\cmakefiles\generate.stamp
c:\users\840\downloads\glog-master\glog-master\build2\debug\glogd.lib
c:\users\840\downloads\glog-master\glog-master\build2\glog.dir\debug\glog.tlog\cl.command.1.tlog
c:\users\840\downloads\glog-master\glog-master\build2\glog.dir\debug\glog.tlog\cl.read.1.tlog
c:\users\840\downloads\glog-master\glog-master\build2\glog.dir\debug\glog.tlog\cl.write.1.tlog
c:\users\840\downloads\glog-master\glog-master\build2\glog.dir\debug\glog.tlog\custombuild.command.1.tlog
c:\users\840\downloads\glog-master\glog-master\build2\glog.dir\debug\glog.tlog\custombuild.read.1.tlog
c:\users\840\downloads\glog-master\glog-master\build2\glog.dir\debug\glog.tlog\custombuild.write.1.tlog
c:\users\840\downloads\glog-master\glog-master\build2\glog.dir\debug\glog.tlog\lib-link.read.1.tlog
c:\users\840\downloads\glog-master\glog-master\build2\glog.dir\debug\glog.tlog\lib-link.write.1.tlog
c:\users\840\downloads\glog-master\glog-master\build2\glog.dir\debug\glog.tlog\lib.command.1.tlog
